<?xml version="1.0" encoding="UTF-8"?>
<testsuite name="TestBook" tests="3" skipped="0" failures="0" errors="0" timestamp="2023-03-29T14:10:07" hostname="VERA" time="0.063">
  <properties/>
  <testcase name="testDown()" classname="TestBook" time="0.048"/>
  <testcase name="testYear()" classname="TestBook" time="0.006"/>
  <testcase name="testUp()" classname="TestBook" time="0.002"/>
  <system-out><![CDATA[]]></system-out>
  <system-err><![CDATA[]]></system-err>
</testsuite>
